<?xml version="1.0" encoding="UTF-8" ?>
<testsuite tests="10" failures="3" name="introclassJava.checksum_2c155667_003WhiteboxTest" time="0.014" errors="0" skipped="0">
  <properties>
[...]
</properties>
  <testcase classname="introclassJava.checksum_2c155667_003WhiteboxTest" name="test10" time="0"/>
  <testcase classname="introclassJava.checksum_2c155667_003WhiteboxTest" name="test1" time="0.003">
    <failure message="expected:&lt;...agereturn&gt;Checksumis[]]&gt; but was:&lt;...agereturn&gt;Checksumis[]&gt;" type="org.junit.ComparisonFailure">org.junit.ComparisonFailure: expected:&lt;...agereturn&gt;Checksumis[]]&gt; but was:&lt;...agereturn&gt;Checksumis[]&gt;
	at org.junit.Assert.assertEquals(Assert.java:115)
	at org.junit.Assert.assertEquals(Assert.java:144)
	at introclassJava.checksum_2c155667_003WhiteboxTest.test1(checksum_2c155667_003WhiteboxTest.java:14)
	at sun.reflect.NativeMethodAccessorImpl.invoke0(Native Method)
	at sun.reflect.NativeMethodAccessorImpl.invoke(NativeMethodAccessorImpl.java:62)
	at sun.reflect.DelegatingMethodAccessorImpl.invoke(DelegatingMethodAccessorImpl.java:43)
	at java.lang.reflect.Method.invoke(Method.java:497)
	at org.junit.runners.model.FrameworkMethod$1.runReflectiveCall(FrameworkMethod.java:47)
	at org.junit.internal.runners.model.ReflectiveCallable.run(ReflectiveCallable.java:12)
	at org.junit.runners.model.FrameworkMethod.invokeExplosively(FrameworkMethod.java:44)
	at org.junit.internal.runners.statements.InvokeMethod.evaluate(InvokeMethod.java:17)
	at org.junit.internal.runners.statements.FailOnTimeout$StatementThread.run(FailOnTimeout.java:74)
</failure>
  </testcase>
  <testcase classname="introclassJava.checksum_2c155667_003WhiteboxTest" name="test2" time="0"/>
  <testcase classname="introclassJava.checksum_2c155667_003WhiteboxTest" name="test3" time="0"/>
  <testcase classname="introclassJava.checksum_2c155667_003WhiteboxTest" name="test4" time="0.003"/>
  <testcase classname="introclassJava.checksum_2c155667_003WhiteboxTest" name="test5" time="0.001"/>
  <testcase classname="introclassJava.checksum_2c155667_003WhiteboxTest" name="test6" time="0.001"/>
  <testcase classname="introclassJava.checksum_2c155667_003WhiteboxTest" name="test7" time="0.003">
    <failure message="expected:&lt;...agereturn&gt;Checksumis[V]&gt; but was:&lt;...agereturn&gt;Checksumis[]&gt;" type="org.junit.ComparisonFailure">org.junit.ComparisonFailure: expected:&lt;...agereturn&gt;Checksumis[V]&gt; but was:&lt;...agereturn&gt;Checksumis[]&gt;
	at org.junit.Assert.assertEquals(Assert.java:115)
	at org.junit.Assert.assertEquals(Assert.java:144)
	at introclassJava.checksum_2c155667_003WhiteboxTest.test7(checksum_2c155667_003WhiteboxTest.java:77)
	at sun.reflect.NativeMethodAccessorImpl.invoke0(Native Method)
	at sun.reflect.NativeMethodAccessorImpl.invoke(NativeMethodAccessorImpl.java:62)
	at sun.reflect.DelegatingMethodAccessorImpl.invoke(DelegatingMethodAccessorImpl.java:43)
	at java.lang.reflect.Method.invoke(Method.java:497)
	at org.junit.runners.model.FrameworkMethod$1.runReflectiveCall(FrameworkMethod.java:47)
	at org.junit.internal.runners.model.ReflectiveCallable.run(ReflectiveCallable.java:12)
	at org.junit.runners.model.FrameworkMethod.invokeExplosively(FrameworkMethod.java:44)
	at org.junit.internal.runners.statements.InvokeMethod.evaluate(InvokeMethod.java:17)
	at org.junit.internal.runners.statements.FailOnTimeout$StatementThread.run(FailOnTimeout.java:74)
</failure>
  </testcase>
  <testcase classname="introclassJava.checksum_2c155667_003WhiteboxTest" name="test8" time="0.002">
    <failure message="expected:&lt;...agereturn&gt;Checksumis[X]&gt; but was:&lt;...agereturn&gt;Checksumis[]&gt;" type="org.junit.ComparisonFailure">org.junit.ComparisonFailure: expected:&lt;...agereturn&gt;Checksumis[X]&gt; but was:&lt;...agereturn&gt;Checksumis[]&gt;
	at org.junit.Assert.assertEquals(Assert.java:115)
	at org.junit.Assert.assertEquals(Assert.java:144)
	at introclassJava.checksum_2c155667_003WhiteboxTest.test8(checksum_2c155667_003WhiteboxTest.java:86)
	at sun.reflect.NativeMethodAccessorImpl.invoke0(Native Method)
	at sun.reflect.NativeMethodAccessorImpl.invoke(NativeMethodAccessorImpl.java:62)
	at sun.reflect.DelegatingMethodAccessorImpl.invoke(DelegatingMethodAccessorImpl.java:43)
	at java.lang.reflect.Method.invoke(Method.java:497)
	at org.junit.runners.model.FrameworkMethod$1.runReflectiveCall(FrameworkMethod.java:47)
	at org.junit.internal.runners.model.ReflectiveCallable.run(ReflectiveCallable.java:12)
	at org.junit.runners.model.FrameworkMethod.invokeExplosively(FrameworkMethod.java:44)
	at org.junit.internal.runners.statements.InvokeMethod.evaluate(InvokeMethod.java:17)
	at org.junit.internal.runners.statements.FailOnTimeout$StatementThread.run(FailOnTimeout.java:74)
</failure>
  </testcase>
  <testcase classname="introclassJava.checksum_2c155667_003WhiteboxTest" name="test9" time="0.001"/>
</testsuite>